<!DOCTYPE html PUBLIC "-//W3C//DTD XHTML 1.1//EN" "https://www.w3.org/TR/xhtml11/DTD/xhtml11.dtd">
<html xmlns="https://www.w3.org/1999/xhtml">
<head>
<meta http-equiv="content-type" content="text/html; charset=UTF-8"/>
<title>TestNG Report</title>
<style type="text/css">table {margin-bottom:10px;border-collapse:collapse;empty-cells:show}th,td {border:1px solid #009;padding:.25em .5em}th {vertical-align:bottom}td {vertical-align:top}table a {font-weight:bold}.stripe td {background-color: #E6EBF9}.num {text-align:right}.passedodd td {background-color: #3F3}.passedeven td {background-color: #0A0}.skippedodd td {background-color: #DDD}.skippedeven td {background-color: #CCC}.failedodd td,.attn {background-color: #F33}.failedeven td,.stripe .attn {background-color: #D00}.stacktrace {white-space:pre;font-family:monospace}.totop {font-size:85%;text-align:center;border-bottom:2px solid #000}.invisible {display:none}</style>
</head>
<body>
<table>
<tr><th>Test</th><th># Passed</th><th># Skipped</th><th># Retried</th><th># Failed</th><th>Time (ms)</th><th>Included Groups</th><th>Excluded Groups</th></tr>
<tr><th colspan="8">Banking_Project</th></tr>
<tr><td><a href="#t0">Logintestcase_001</a></td><td class="num">3</td><td class="num">0</td><td class="num">0</td><td class="num attn">3</td><td class="num">59,971</td><td></td><td></td></tr>
<tr class="stripe"><td><a href="#t1">Logintestcase_002</a></td><td class="num">1</td><td class="num">0</td><td class="num">0</td><td class="num">0</td><td class="num">9,208</td><td></td><td></td></tr>
<tr><th>Total</th><th class="num">4</th><th class="num">0</th><th class="num">0</th><th class="num attn">3</th><th class="num">69,179</th><th colspan="2"></th></tr>
</table>
<table id='summary'><thead><tr><th>Class</th><th>Method</th><th>Start</th><th>Time (ms)</th></tr></thead><tbody><tr><th colspan="4">Banking_Project</th></tr></tbody><tbody id="t0"><tr><th colspan="4">Logintestcase_001 &#8212; failed</th></tr><tr class="failedeven"><td rowspan="3">banking.testcases.TC_LoginTest_DP_001</td><td><a href="#m0">tc_logintest_Dp</a></td><td rowspan="3">1710253889150</td><td rowspan="3">6830</td></tr><tr class="failedeven"><td><a href="#m1">tc_logintest_Dp</a></td></tr><tr class="failedeven"><td><a href="#m2">tc_logintest_Dp</a></td></tr><tr><th colspan="4">Logintestcase_001 &#8212; passed</th></tr><tr class="passedeven"><td rowspan="1">banking.testcases.TC_AddNewCust_002</td><td><a href="#m3">addnecust</a></td><td rowspan="1">1710253898021</td><td rowspan="1">12788</td></tr><tr class="passedodd"><td rowspan="1">banking.testcases.TC_LoginTest_001</td><td><a href="#m4">tc_logintest_001</a></td><td rowspan="1">1710253854249</td><td rowspan="1">5347</td></tr><tr class="passedeven"><td rowspan="1">banking.testcases.TC_LoginTest_DP_001</td><td><a href="#m5">tc_logintest_Dp</a></td><td rowspan="1">1710253862363</td><td rowspan="1">13615</td></tr></tbody>
<tbody id="t1"><tr><th colspan="4">Logintestcase_002 &#8212; passed</th></tr><tr class="passedeven"><td rowspan="1">banking.testcases.TC_LoginTest_001</td><td><a href="#m6">tc_logintest_001</a></td><td rowspan="1">1710253914898</td><td rowspan="1">5547</td></tr></tbody>
</table>
<h2>Logintestcase_001</h2><h3 id="m0">banking.testcases.TC_LoginTest_DP_001#tc_logintest_Dp</h3><table class="result"><tr class="param"><th>Parameter #1</th><th>Parameter #2</th></tr><tr class="param stripe"><td>sdcdsfv</td><td>4dcsvc</td></tr><tr><th colspan="2">Exception</th></tr><tr><td colspan="2"><div class="stacktrace">java.lang.AssertionError: expected [true] but found [false]
	at banking.testcases.TC_LoginTest_DP_001.tc_logintest_Dp(TC_LoginTest_DP_001.java:31)
	at java.base/java.util.ArrayList.forEach(ArrayList.java:1511)
... Removed 31 stack frames</div></td></tr></table><p class="totop"><a href="#summary">back to summary</a></p>
<h3 id="m1">banking.testcases.TC_LoginTest_DP_001#tc_logintest_Dp</h3><table class="result"><tr class="param"><th>Parameter #1</th><th>Parameter #2</th></tr><tr class="param stripe"><td>mngr558087</td><td>dedffd</td></tr><tr><th colspan="2">Exception</th></tr><tr><td colspan="2"><div class="stacktrace">java.lang.AssertionError: expected [true] but found [false]
	at banking.testcases.TC_LoginTest_DP_001.tc_logintest_Dp(TC_LoginTest_DP_001.java:31)
	at java.base/java.util.ArrayList.forEach(ArrayList.java:1511)
... Removed 31 stack frames</div></td></tr></table><p class="totop"><a href="#summary">back to summary</a></p>
<h3 id="m2">banking.testcases.TC_LoginTest_DP_001#tc_logintest_Dp</h3><table class="result"><tr class="param"><th>Parameter #1</th><th>Parameter #2</th></tr><tr class="param stripe"><td>ewfccc</td><td>dequnEt</td></tr><tr><th colspan="2">Exception</th></tr><tr><td colspan="2"><div class="stacktrace">java.lang.AssertionError: expected [true] but found [false]
	at banking.testcases.TC_LoginTest_DP_001.tc_logintest_Dp(TC_LoginTest_DP_001.java:31)
	at java.base/java.util.ArrayList.forEach(ArrayList.java:1511)
... Removed 31 stack frames</div></td></tr></table><p class="totop"><a href="#summary">back to summary</a></p>
<h3 id="m3">banking.testcases.TC_AddNewCust_002#addnecust</h3><table class="result"><tr><th class="invisible"/></tr></table><p class="totop"><a href="#summary">back to summary</a></p>
<h3 id="m4">banking.testcases.TC_LoginTest_001#tc_logintest_001</h3><table class="result"><tr><th class="invisible"/></tr></table><p class="totop"><a href="#summary">back to summary</a></p>
<h3 id="m5">banking.testcases.TC_LoginTest_DP_001#tc_logintest_Dp</h3><table class="result"><tr class="param"><th>Parameter #1</th><th>Parameter #2</th></tr><tr class="param stripe"><td>mngr558087</td><td>dequnEt</td></tr></table><p class="totop"><a href="#summary">back to summary</a></p>
<h2>Logintestcase_002</h2><h3 id="m6">banking.testcases.TC_LoginTest_001#tc_logintest_001</h3><table class="result"><tr><th class="invisible"/></tr></table><p class="totop"><a href="#summary">back to summary</a></p>
</body>
</html>
