<?xml version="1.0" encoding="UTF-8"?>
<testng-results ignored="0" total="7" passed="4" failed="3" skipped="0">
  <reporter-output>
  </reporter-output>
  <suite started-at="2024-03-12T20:00:51 IST" name="Banking_Project" finished-at="2024-03-12T20:02:00 IST" duration-ms="69628">
    <groups>
    </groups>
    <test started-at="2024-03-12T20:00:51 IST" name="Logintestcase_001" finished-at="2024-03-12T20:01:50 IST" duration-ms="59971">
      <class name="banking.testcases.TC_AddNewCust_002">
        <test-method is-config="true" signature="launch(java.lang.String)[pri:0, instance:banking.testcases.TC_AddNewCust_002@712625fd]" started-at="2024-03-12T20:01:36 IST" name="launch" finished-at="2024-03-12T20:01:38 IST" duration-ms="1462" status="PASS">
          <params>
            <param index="0">
              <value>
                <![CDATA[chrome]]>
              </value>
            </param>
          </params>
          <reporter-output>
          </reporter-output>
        </test-method> <!-- launch -->
        <test-method signature="addnecust()[pri:0, instance:banking.testcases.TC_AddNewCust_002@712625fd]" started-at="2024-03-12T20:01:38 IST" name="addnecust" finished-at="2024-03-12T20:01:50 IST" duration-ms="12788" status="PASS">
          <reporter-output>
          </reporter-output>
        </test-method> <!-- addnecust -->
        <test-method is-config="true" signature="teardown()[pri:0, instance:banking.testcases.TC_AddNewCust_002@712625fd]" started-at="2024-03-12T20:01:50 IST" name="teardown" finished-at="2024-03-12T20:01:50 IST" duration-ms="186" status="PASS">
          <reporter-output>
          </reporter-output>
        </test-method> <!-- teardown -->
      </class> <!-- banking.testcases.TC_AddNewCust_002 -->
      <class name="banking.testcases.TC_LoginTest_DP_001">
        <test-method is-config="true" signature="launch(java.lang.String)[pri:0, instance:banking.testcases.TC_LoginTest_DP_001@33065d67]" started-at="2024-03-12T20:00:59 IST" name="launch" finished-at="2024-03-12T20:01:01 IST" duration-ms="1433" status="PASS">
          <params>
            <param index="0">
              <value>
                <![CDATA[chrome]]>
              </value>
            </param>
          </params>
          <reporter-output>
          </reporter-output>
        </test-method> <!-- launch -->
        <test-method signature="tc_logintest_Dp(java.lang.String,java.lang.String)[pri:0, instance:banking.testcases.TC_LoginTest_DP_001@33065d67]" started-at="2024-03-12T20:01:02 IST" name="tc_logintest_Dp" data-provider="testdataDP" finished-at="2024-03-12T20:01:15 IST" duration-ms="13615" status="PASS">
          <params>
            <param index="0">
              <value>
                <![CDATA[mngr558087]]>
              </value>
            </param>
            <param index="1">
              <value>
                <![CDATA[dequnEt]]>
              </value>
            </param>
          </params>
          <reporter-output>
          </reporter-output>
        </test-method> <!-- tc_logintest_Dp -->
        <test-method signature="tc_logintest_Dp(java.lang.String,java.lang.String)[pri:0, instance:banking.testcases.TC_LoginTest_DP_001@33065d67]" started-at="2024-03-12T20:01:15 IST" name="tc_logintest_Dp" data-provider="testdataDP" finished-at="2024-03-12T20:01:22 IST" duration-ms="6270" status="FAIL">
          <params>
            <param index="0">
              <value>
                <![CDATA[mngr558087]]>
              </value>
            </param>
            <param index="1">
              <value>
                <![CDATA[dedffd]]>
              </value>
            </param>
          </params>
          <exception class="java.lang.AssertionError">
            <message>
              <![CDATA[expected [true] but found [false]]]>
            </message>
            <full-stacktrace>
              <![CDATA[java.lang.AssertionError: expected [true] but found [false]
at org.testng.Assert.fail(Assert.java:111)
at org.testng.Assert.failNotEquals(Assert.java:1578)
at org.testng.Assert.assertTrue(Assert.java:57)
at org.testng.Assert.assertTrue(Assert.java:67)
at banking.testcases.TC_LoginTest_DP_001.tc_logintest_Dp(TC_LoginTest_DP_001.java:31)
at java.base/jdk.internal.reflect.NativeMethodAccessorImpl.invoke0(Native Method)
at java.base/jdk.internal.reflect.NativeMethodAccessorImpl.invoke(NativeMethodAccessorImpl.java:77)
at java.base/jdk.internal.reflect.DelegatingMethodAccessorImpl.invoke(DelegatingMethodAccessorImpl.java:43)
at java.base/java.lang.reflect.Method.invoke(Method.java:568)
at org.testng.internal.invokers.MethodInvocationHelper.invokeMethod(MethodInvocationHelper.java:139)
at org.testng.internal.invokers.TestInvoker.invokeMethod(TestInvoker.java:664)
at org.testng.internal.invokers.TestInvoker.invokeTestMethod(TestInvoker.java:228)
at org.testng.internal.invokers.MethodRunner.runInSequence(MethodRunner.java:63)
at org.testng.internal.invokers.TestInvoker$MethodInvocationAgent.invoke(TestInvoker.java:961)
at org.testng.internal.invokers.TestInvoker.invokeTestMethods(TestInvoker.java:201)
at org.testng.internal.invokers.TestMethodWorker.invokeTestMethods(TestMethodWorker.java:148)
at org.testng.internal.invokers.TestMethodWorker.run(TestMethodWorker.java:128)
at java.base/java.util.ArrayList.forEach(ArrayList.java:1511)
at org.testng.TestRunner.privateRun(TestRunner.java:819)
at org.testng.TestRunner.run(TestRunner.java:619)
at org.testng.SuiteRunner.runTest(SuiteRunner.java:443)
at org.testng.SuiteRunner.runSequentially(SuiteRunner.java:437)
at org.testng.SuiteRunner.privateRun(SuiteRunner.java:397)
at org.testng.SuiteRunner.run(SuiteRunner.java:336)
at org.testng.SuiteRunnerWorker.runSuite(SuiteRunnerWorker.java:52)
at org.testng.SuiteRunnerWorker.run(SuiteRunnerWorker.java:95)
at org.testng.TestNG.runSuitesSequentially(TestNG.java:1301)
at org.testng.TestNG.runSuitesLocally(TestNG.java:1228)
at org.testng.TestNG.runSuites(TestNG.java:1134)
at org.testng.TestNG.run(TestNG.java:1101)
at org.testng.remote.AbstractRemoteTestNG.run(AbstractRemoteTestNG.java:115)
at org.testng.remote.RemoteTestNG.initAndRun(RemoteTestNG.java:251)
at org.testng.remote.RemoteTestNG.main(RemoteTestNG.java:77)
]]>
            </full-stacktrace>
          </exception> <!-- java.lang.AssertionError -->
          <reporter-output>
          </reporter-output>
        </test-method> <!-- tc_logintest_Dp -->
        <test-method signature="tc_logintest_Dp(java.lang.String,java.lang.String)[pri:0, instance:banking.testcases.TC_LoginTest_DP_001@33065d67]" started-at="2024-03-12T20:01:22 IST" name="tc_logintest_Dp" data-provider="testdataDP" finished-at="2024-03-12T20:01:28 IST" duration-ms="6103" status="FAIL">
          <params>
            <param index="0">
              <value>
                <![CDATA[ewfccc]]>
              </value>
            </param>
            <param index="1">
              <value>
                <![CDATA[dequnEt]]>
              </value>
            </param>
          </params>
          <exception class="java.lang.AssertionError">
            <message>
              <![CDATA[expected [true] but found [false]]]>
            </message>
            <full-stacktrace>
              <![CDATA[java.lang.AssertionError: expected [true] but found [false]
at org.testng.Assert.fail(Assert.java:111)
at org.testng.Assert.failNotEquals(Assert.java:1578)
at org.testng.Assert.assertTrue(Assert.java:57)
at org.testng.Assert.assertTrue(Assert.java:67)
at banking.testcases.TC_LoginTest_DP_001.tc_logintest_Dp(TC_LoginTest_DP_001.java:31)
at java.base/jdk.internal.reflect.NativeMethodAccessorImpl.invoke0(Native Method)
at java.base/jdk.internal.reflect.NativeMethodAccessorImpl.invoke(NativeMethodAccessorImpl.java:77)
at java.base/jdk.internal.reflect.DelegatingMethodAccessorImpl.invoke(DelegatingMethodAccessorImpl.java:43)
at java.base/java.lang.reflect.Method.invoke(Method.java:568)
at org.testng.internal.invokers.MethodInvocationHelper.invokeMethod(MethodInvocationHelper.java:139)
at org.testng.internal.invokers.TestInvoker.invokeMethod(TestInvoker.java:664)
at org.testng.internal.invokers.TestInvoker.invokeTestMethod(TestInvoker.java:228)
at org.testng.internal.invokers.MethodRunner.runInSequence(MethodRunner.java:63)
at org.testng.internal.invokers.TestInvoker$MethodInvocationAgent.invoke(TestInvoker.java:961)
at org.testng.internal.invokers.TestInvoker.invokeTestMethods(TestInvoker.java:201)
at org.testng.internal.invokers.TestMethodWorker.invokeTestMethods(TestMethodWorker.java:148)
at org.testng.internal.invokers.TestMethodWorker.run(TestMethodWorker.java:128)
at java.base/java.util.ArrayList.forEach(ArrayList.java:1511)
at org.testng.TestRunner.privateRun(TestRunner.java:819)
at org.testng.TestRunner.run(TestRunner.java:619)
at org.testng.SuiteRunner.runTest(SuiteRunner.java:443)
at org.testng.SuiteRunner.runSequentially(SuiteRunner.java:437)
at org.testng.SuiteRunner.privateRun(SuiteRunner.java:397)
at org.testng.SuiteRunner.run(SuiteRunner.java:336)
at org.testng.SuiteRunnerWorker.runSuite(SuiteRunnerWorker.java:52)
at org.testng.SuiteRunnerWorker.run(SuiteRunnerWorker.java:95)
at org.testng.TestNG.runSuitesSequentially(TestNG.java:1301)
at org.testng.TestNG.runSuitesLocally(TestNG.java:1228)
at org.testng.TestNG.runSuites(TestNG.java:1134)
at org.testng.TestNG.run(TestNG.java:1101)
at org.testng.remote.AbstractRemoteTestNG.run(AbstractRemoteTestNG.java:115)
at org.testng.remote.RemoteTestNG.initAndRun(RemoteTestNG.java:251)
at org.testng.remote.RemoteTestNG.main(RemoteTestNG.java:77)
]]>
            </full-stacktrace>
          </exception> <!-- java.lang.AssertionError -->
          <reporter-output>
          </reporter-output>
        </test-method> <!-- tc_logintest_Dp -->
        <test-method signature="tc_logintest_Dp(java.lang.String,java.lang.String)[pri:0, instance:banking.testcases.TC_LoginTest_DP_001@33065d67]" started-at="2024-03-12T20:01:29 IST" name="tc_logintest_Dp" data-provider="testdataDP" finished-at="2024-03-12T20:01:35 IST" duration-ms="6830" status="FAIL">
          <params>
            <param index="0">
              <value>
                <![CDATA[sdcdsfv]]>
              </value>
            </param>
            <param index="1">
              <value>
                <![CDATA[4dcsvc]]>
              </value>
            </param>
          </params>
          <exception class="java.lang.AssertionError">
            <message>
              <![CDATA[expected [true] but found [false]]]>
            </message>
            <full-stacktrace>
              <![CDATA[java.lang.AssertionError: expected [true] but found [false]
at org.testng.Assert.fail(Assert.java:111)
at org.testng.Assert.failNotEquals(Assert.java:1578)
at org.testng.Assert.assertTrue(Assert.java:57)
at org.testng.Assert.assertTrue(Assert.java:67)
at banking.testcases.TC_LoginTest_DP_001.tc_logintest_Dp(TC_LoginTest_DP_001.java:31)
at java.base/jdk.internal.reflect.NativeMethodAccessorImpl.invoke0(Native Method)
at java.base/jdk.internal.reflect.NativeMethodAccessorImpl.invoke(NativeMethodAccessorImpl.java:77)
at java.base/jdk.internal.reflect.DelegatingMethodAccessorImpl.invoke(DelegatingMethodAccessorImpl.java:43)
at java.base/java.lang.reflect.Method.invoke(Method.java:568)
at org.testng.internal.invokers.MethodInvocationHelper.invokeMethod(MethodInvocationHelper.java:139)
at org.testng.internal.invokers.TestInvoker.invokeMethod(TestInvoker.java:664)
at org.testng.internal.invokers.TestInvoker.invokeTestMethod(TestInvoker.java:228)
at org.testng.internal.invokers.MethodRunner.runInSequence(MethodRunner.java:63)
at org.testng.internal.invokers.TestInvoker$MethodInvocationAgent.invoke(TestInvoker.java:961)
at org.testng.internal.invokers.TestInvoker.invokeTestMethods(TestInvoker.java:201)
at org.testng.internal.invokers.TestMethodWorker.invokeTestMethods(TestMethodWorker.java:148)
at org.testng.internal.invokers.TestMethodWorker.run(TestMethodWorker.java:128)
at java.base/java.util.ArrayList.forEach(ArrayList.java:1511)
at org.testng.TestRunner.privateRun(TestRunner.java:819)
at org.testng.TestRunner.run(TestRunner.java:619)
at org.testng.SuiteRunner.runTest(SuiteRunner.java:443)
at org.testng.SuiteRunner.runSequentially(SuiteRunner.java:437)
at org.testng.SuiteRunner.privateRun(SuiteRunner.java:397)
at org.testng.SuiteRunner.run(SuiteRunner.java:336)
at org.testng.SuiteRunnerWorker.runSuite(SuiteRunnerWorker.java:52)
at org.testng.SuiteRunnerWorker.run(SuiteRunnerWorker.java:95)
at org.testng.TestNG.runSuitesSequentially(TestNG.java:1301)
at org.testng.TestNG.runSuitesLocally(TestNG.java:1228)
at org.testng.TestNG.runSuites(TestNG.java:1134)
at org.testng.TestNG.run(TestNG.java:1101)
at org.testng.remote.AbstractRemoteTestNG.run(AbstractRemoteTestNG.java:115)
at org.testng.remote.RemoteTestNG.initAndRun(RemoteTestNG.java:251)
at org.testng.remote.RemoteTestNG.main(RemoteTestNG.java:77)
]]>
            </full-stacktrace>
          </exception> <!-- java.lang.AssertionError -->
          <reporter-output>
          </reporter-output>
        </test-method> <!-- tc_logintest_Dp -->
        <test-method is-config="true" signature="teardown()[pri:0, instance:banking.testcases.TC_LoginTest_DP_001@33065d67]" started-at="2024-03-12T20:01:36 IST" name="teardown" finished-at="2024-03-12T20:01:36 IST" duration-ms="167" status="PASS">
          <reporter-output>
          </reporter-output>
        </test-method> <!-- teardown -->
      </class> <!-- banking.testcases.TC_LoginTest_DP_001 -->
      <class name="banking.testcases.TC_LoginTest_001">
        <test-method is-config="true" signature="launch(java.lang.String)[pri:0, instance:banking.testcases.TC_LoginTest_001@53045c6c]" started-at="2024-03-12T20:00:51 IST" name="launch" finished-at="2024-03-12T20:00:54 IST" duration-ms="2673" status="PASS">
          <params>
            <param index="0">
              <value>
                <![CDATA[chrome]]>
              </value>
            </param>
          </params>
          <reporter-output>
          </reporter-output>
        </test-method> <!-- launch -->
        <test-method signature="tc_logintest_001()[pri:0, instance:banking.testcases.TC_LoginTest_001@53045c6c]" started-at="2024-03-12T20:00:54 IST" name="tc_logintest_001" finished-at="2024-03-12T20:00:59 IST" duration-ms="5347" status="PASS">
          <reporter-output>
          </reporter-output>
        </test-method> <!-- tc_logintest_001 -->
        <test-method is-config="true" signature="teardown()[pri:0, instance:banking.testcases.TC_LoginTest_001@53045c6c]" started-at="2024-03-12T20:00:59 IST" name="teardown" finished-at="2024-03-12T20:00:59 IST" duration-ms="180" status="PASS">
          <reporter-output>
          </reporter-output>
        </test-method> <!-- teardown -->
      </class> <!-- banking.testcases.TC_LoginTest_001 -->
    </test> <!-- Logintestcase_001 -->
    <test started-at="2024-03-12T20:01:51 IST" name="Logintestcase_002" finished-at="2024-03-12T20:02:00 IST" duration-ms="9208">
      <class name="banking.testcases.TC_LoginTest_001">
        <test-method is-config="true" signature="launch(java.lang.String)[pri:0, instance:banking.testcases.TC_LoginTest_001@7d9d0818]" started-at="2024-03-12T20:01:51 IST" name="launch" finished-at="2024-03-12T20:01:54 IST" duration-ms="3446" status="PASS">
          <params>
            <param index="0">
              <value>
                <![CDATA[edge]]>
              </value>
            </param>
          </params>
          <reporter-output>
          </reporter-output>
        </test-method> <!-- launch -->
        <test-method signature="tc_logintest_001()[pri:0, instance:banking.testcases.TC_LoginTest_001@7d9d0818]" started-at="2024-03-12T20:01:54 IST" name="tc_logintest_001" finished-at="2024-03-12T20:02:00 IST" duration-ms="5547" status="PASS">
          <reporter-output>
          </reporter-output>
        </test-method> <!-- tc_logintest_001 -->
        <test-method is-config="true" signature="teardown()[pri:0, instance:banking.testcases.TC_LoginTest_001@7d9d0818]" started-at="2024-03-12T20:02:00 IST" name="teardown" finished-at="2024-03-12T20:02:00 IST" duration-ms="206" status="PASS">
          <reporter-output>
          </reporter-output>
        </test-method> <!-- teardown -->
      </class> <!-- banking.testcases.TC_LoginTest_001 -->
    </test> <!-- Logintestcase_002 -->
  </suite> <!-- Banking_Project -->
</testng-results>
